  [1m[36m (2.1ms)[0m  [1mCREATE TABLE "schema_migrations" ("version" varchar NOT NULL) [0m
  [1m[35m (0.1ms)[0m  select sqlite_version(*)
  [1m[36m (1.8ms)[0m  [1mCREATE UNIQUE INDEX "unique_schema_migrations" ON "schema_migrations" ("version")[0m
  [1m[35mActiveRecord::SchemaMigration Load (0.1ms)[0m  SELECT "schema_migrations".* FROM "schema_migrations"
Migrating to CreateShoppingCarts (20161117190337)
  [1m[36m (0.1ms)[0m  [1mbegin transaction[0m
  [1m[35m (0.3ms)[0m  CREATE TABLE "shopping_carts" ("id" INTEGER PRIMARY KEY AUTOINCREMENT NOT NULL, "user_id" integer, "order_id" integer, "purchased_at" datetime, "created_at" datetime NOT NULL, "updated_at" datetime NOT NULL) 
  [1m[36mSQL (0.1ms)[0m  [1mINSERT INTO "schema_migrations" ("version") VALUES (?)[0m  [["version", "20161117190337"]]
  [1m[35m (1.6ms)[0m  commit transaction
Migrating to CreateShoppingLineItems (20161117190410)
  [1m[36m (0.1ms)[0m  [1mbegin transaction[0m
  [1m[35m (0.3ms)[0m  CREATE TABLE "shopping_line_items" ("id" INTEGER PRIMARY KEY AUTOINCREMENT NOT NULL, "cart_id" integer, "source_id" integer, "source_type" varchar, "quantity" integer, "list_price" decimal, "sale_price" decimal, "created_at" datetime NOT NULL, "updated_at" datetime NOT NULL) 
  [1m[36mSQL (0.1ms)[0m  [1mINSERT INTO "schema_migrations" ("version") VALUES (?)[0m  [["version", "20161117190410"]]
  [1m[35m (1.6ms)[0m  commit transaction
Migrating to CreateItems (20170116191116)
  [1m[36m (0.1ms)[0m  [1mbegin transaction[0m
  [1m[35m (0.3ms)[0m  CREATE TABLE "items" ("id" INTEGER PRIMARY KEY AUTOINCREMENT NOT NULL, "price" float, "created_at" datetime NOT NULL, "updated_at" datetime NOT NULL) 
  [1m[36mSQL (0.1ms)[0m  [1mINSERT INTO "schema_migrations" ("version") VALUES (?)[0m  [["version", "20170116191116"]]
  [1m[35m (1.6ms)[0m  commit transaction
Migrating to AddSkuToItems (20170526174702)
  [1m[36m (0.1ms)[0m  [1mbegin transaction[0m
  [1m[35m (0.3ms)[0m  ALTER TABLE "items" ADD "sku" varchar
  [1m[36mSQL (0.1ms)[0m  [1mINSERT INTO "schema_migrations" ("version") VALUES (?)[0m  [["version", "20170526174702"]]
  [1m[35m (1.5ms)[0m  commit transaction
  [1m[36mActiveRecord::SchemaMigration Load (0.1ms)[0m  [1mSELECT "schema_migrations".* FROM "schema_migrations"[0m
  [1m[36mActiveRecord::SchemaMigration Load (0.1ms)[0m  [1mSELECT "schema_migrations".* FROM "schema_migrations"[0m
Migrating to AddOriginToCarts (20170712212136)
  [1m[35m (0.1ms)[0m  begin transaction
  [1m[36m (0.2ms)[0m  [1mALTER TABLE "carts" ADD "origin" varchar[0m
  [1m[35m (0.0ms)[0m  rollback transaction
  [1m[36mActiveRecord::SchemaMigration Load (0.1ms)[0m  [1mSELECT "schema_migrations".* FROM "schema_migrations"[0m
Migrating to AddOriginToShoppingCarts (20170712212136)
  [1m[35m (0.1ms)[0m  begin transaction
  [1m[36m (0.5ms)[0m  [1mALTER TABLE "shopping_carts" ADD "origin" varchar[0m
  [1m[35m (0.1ms)[0m  select sqlite_version(*)
  [1m[36m (0.1ms)[0m  [1mCREATE  INDEX "index_shopping_carts_on_origin" ON "shopping_carts" ("origin")[0m
  [1m[35mSQL (0.1ms)[0m  INSERT INTO "schema_migrations" ("version") VALUES (?)  [["version", "20170712212136"]]
  [1m[36m (1.5ms)[0m  [1mcommit transaction[0m
  [1m[35mActiveRecord::SchemaMigration Load (0.1ms)[0m  SELECT "schema_migrations".* FROM "schema_migrations"
  [1m[36m (0.1ms)[0m  [1m            SELECT sql
            FROM sqlite_master
            WHERE name='index_shopping_carts_on_origin' AND type='index'
            UNION ALL
            SELECT sql
            FROM sqlite_temp_master
            WHERE name='index_shopping_carts_on_origin' AND type='index'
[0m
